<?xml version="1.0" encoding="UTF-8"?>
<!-- Generated by org.testng.reporters.JUnitReportReporter -->
<testsuite hostname="WY-20170801CARC" name="whayer.cloud.storage.component.foundation.filemarkaccess.test.FileMarkAccessTest" tests="4" failures="0" timestamp="29 Aug 2017 06:18:45 GMT" time="1.706" errors="0">
  <testcase name="deleteFileInfo" time="0.054" classname="whayer.cloud.storage.component.foundation.filemarkaccess.test.FileMarkAccessTest"/>
  <testcase name="queryFileInfoSize" time="0.016" classname="whayer.cloud.storage.component.foundation.filemarkaccess.test.FileMarkAccessTest"/>
  <testcase name="modify" time="0.036" classname="whayer.cloud.storage.component.foundation.filemarkaccess.test.FileMarkAccessTest"/>
  <testcase name="sigleSave" time="1.600" classname="whayer.cloud.storage.component.foundation.filemarkaccess.test.FileMarkAccessTest"/>
</testsuite> <!-- whayer.cloud.storage.component.foundation.filemarkaccess.test.FileMarkAccessTest -->
