<?xml version="1.0" encoding="UTF-8"?>
<!-- Generated by org.testng.reporters.JUnitReportReporter -->
<testsuite hostname="WY-20170801CARC" name="whayer.cloud.storage.component.device.deviceaccess.impl.DeviceAccessImplTest" tests="5" failures="0" timestamp="21 Aug 2017 04:58:07 GMT" time="2.177" errors="0">
  <testcase name="searchAlarmInfoListTest" time="0.185" classname="whayer.cloud.storage.component.device.deviceaccess.impl.DeviceAccessImplTest"/>
  <testcase name="savleAlarmMessageLevelMetaListTest" time="0.131" classname="whayer.cloud.storage.component.device.deviceaccess.impl.DeviceAccessImplTest"/>
  <testcase name="savleAlarmMessageLevelMetaTest" time="1.770" classname="whayer.cloud.storage.component.device.deviceaccess.impl.DeviceAccessImplTest"/>
  <testcase name="updateListTest" time="0.070" classname="whayer.cloud.storage.component.device.deviceaccess.impl.DeviceAccessImplTest"/>
  <testcase name="deleteAlarmInfoListTest" time="0.021" classname="whayer.cloud.storage.component.device.deviceaccess.impl.DeviceAccessImplTest"/>
</testsuite> <!-- whayer.cloud.storage.component.device.deviceaccess.impl.DeviceAccessImplTest -->
