<?xml version="1.0" encoding="UTF-8"?>
<!-- Generated by org.testng.reporters.JUnitReportReporter -->
<testsuite name="com.whayer.cloud.framework.db.test.HibernateDaoTest" tests="5" time="0.000" ignored="0" failures="0" timestamp="28 七月 2017 09:26:13 GMT" skipped="4" hostname="DESKTOP-G7EPCJ1" errors="1">
  <testcase name="testCount" time="0.000" classname="com.whayer.cloud.framework.db.test.HibernateDaoTest">
    <skipped/>
  </testcase> <!-- testCount -->
  <testcase name="testGetDao" time="0.000" classname="com.whayer.cloud.framework.db.test.HibernateDaoTest">
    <error type="org.springframework.beans.factory.NoUniqueBeanDefinitionException" message="No qualifying bean of type &#039;com.whayer.cloud.framework.data.db.dao.metadata.IDbAdmin&#039; available: expected single matching bean but found 6: myBatisDbAdmin,hibernateDbAdmin,impalaDbAdmin,hiveDbAdmin,hBaseDbAdmin,bigDatabaseDbAdmin">
      <![CDATA[org.springframework.beans.factory.NoUniqueBeanDefinitionException: No qualifying bean of type 'com.whayer.cloud.framework.data.db.dao.metadata.IDbAdmin' available: expected single matching bean but found 6: myBatisDbAdmin,hibernateDbAdmin,impalaDbAdmin,hiveDbAdmin,hBaseDbAdmin,bigDatabaseDbAdmin
	at org.springframework.beans.factory.support.DefaultListableBeanFactory.resolveNamedBean(DefaultListableBeanFactory.java:1041)
	at org.springframework.beans.factory.support.DefaultListableBeanFactory.getBean(DefaultListableBeanFactory.java:345)
	at org.springframework.beans.factory.support.DefaultListableBeanFactory.getBean(DefaultListableBeanFactory.java:340)
	at org.springframework.context.support.AbstractApplicationContext.getBean(AbstractApplicationContext.java:1093)
	at whayer.cloud.utility.core.BeanService.getBean(BeanService.java:40)
	at com.whayer.cloud.framework.db.test.HibernateDaoTest.testGetDao(HibernateDaoTest.java:51)
	at sun.reflect.NativeMethodAccessorImpl.invoke0(Native Method)
	at sun.reflect.NativeMethodAccessorImpl.invoke(NativeMethodAccessorImpl.java:57)
	at sun.reflect.DelegatingMethodAccessorImpl.invoke(DelegatingMethodAccessorImpl.java:43)
	at java.lang.reflect.Method.invoke(Method.java:601)
	at org.testng.internal.MethodInvocationHelper.invokeMethod(MethodInvocationHelper.java:104)
	at org.testng.internal.Invoker.invokeConfigurationMethod(Invoker.java:515)
	at org.testng.internal.Invoker.invokeConfigurations(Invoker.java:217)
	at org.testng.internal.Invoker.invokeConfigurations(Invoker.java:144)
	at org.testng.SuiteRunner.privateRun(SuiteRunner.java:326)
	at org.testng.SuiteRunner.run(SuiteRunner.java:289)
	at org.testng.SuiteRunnerWorker.runSuite(SuiteRunnerWorker.java:52)
	at org.testng.SuiteRunnerWorker.run(SuiteRunnerWorker.java:86)
	at org.testng.TestNG.runSuitesSequentially(TestNG.java:1293)
	at org.testng.TestNG.runSuitesLocally(TestNG.java:1218)
	at org.testng.TestNG.runSuites(TestNG.java:1133)
	at org.testng.TestNG.run(TestNG.java:1104)
	at org.testng.remote.AbstractRemoteTestNG.run(AbstractRemoteTestNG.java:132)
	at org.testng.remote.RemoteTestNG.initAndRun(RemoteTestNG.java:236)
	at org.testng.remote.RemoteTestNG.main(RemoteTestNG.java:81)
]]>
    </error>
  </testcase> <!-- testGetDao -->
  <testcase name="testGroup" time="0.000" classname="com.whayer.cloud.framework.db.test.HibernateDaoTest">
    <skipped/>
  </testcase> <!-- testGroup -->
  <testcase name="testSelectOne" time="0.000" classname="com.whayer.cloud.framework.db.test.HibernateDaoTest">
    <skipped/>
  </testcase> <!-- testSelectOne -->
  <testcase name="testSelectList" time="0.000" classname="com.whayer.cloud.framework.db.test.HibernateDaoTest">
    <skipped/>
  </testcase> <!-- testSelectList -->
</testsuite> <!-- com.whayer.cloud.framework.db.test.HibernateDaoTest -->
