<?xml version="1.0" encoding="UTF-8"?>
<!-- Generated by org.testng.reporters.JUnitReportReporter -->
<testsuite hostname="WY-20170801CARC" name="whayer.cloud.storage.component.foundation.filemarkaccess.test.FileMarkAccessTest" tests="4" failures="0" timestamp="30 Aug 2017 08:10:22 GMT" time="1.864" errors="0">
  <testcase name="sigleSave" time="1.755" classname="whayer.cloud.storage.component.foundation.filemarkaccess.test.FileMarkAccessTest"/>
  <testcase name="deleteFileInfo" time="0.028" classname="whayer.cloud.storage.component.foundation.filemarkaccess.test.FileMarkAccessTest"/>
  <testcase name="modify" time="0.039" classname="whayer.cloud.storage.component.foundation.filemarkaccess.test.FileMarkAccessTest"/>
  <testcase name="queryFileInfoSize" time="0.042" classname="whayer.cloud.storage.component.foundation.filemarkaccess.test.FileMarkAccessTest"/>
</testsuite> <!-- whayer.cloud.storage.component.foundation.filemarkaccess.test.FileMarkAccessTest -->
