<?xml version="1.0" encoding="UTF-8"?>
<!-- Generated by org.testng.reporters.JUnitReportReporter -->
<testsuite hostname="WY-20170801CARC" name="whayer.cloud.storage.component.foundation.access.impl.test.AccessImplTest" tests="7" failures="0" timestamp="22 Aug 2017 07:11:41 GMT" time="2.594" errors="0">
  <testcase name="searchAlarmInfoListTest" time="0.287" classname="whayer.cloud.storage.component.foundation.access.impl.test.AccessImplTest"/>
  <testcase name="updateListTest" time="0.030" classname="whayer.cloud.storage.component.foundation.access.impl.test.AccessImplTest"/>
  <testcase name="savleAlarmMessageLevelMetaListTest" time="0.236" classname="whayer.cloud.storage.component.foundation.access.impl.test.AccessImplTest"/>
  <testcase name="savleAlarmMessageLevelMetaTest" time="1.601" classname="whayer.cloud.storage.component.foundation.access.impl.test.AccessImplTest"/>
  <testcase name="searchAlarmInfoListTest" time="0.327" classname="whayer.cloud.storage.component.foundation.access.impl.test.AccessImplTest"/>
  <testcase name="savleAlarmMessageLevelMetaTest" time="0.025" classname="whayer.cloud.storage.component.foundation.access.impl.test.AccessImplTest"/>
  <testcase name="deleteAlarmInfoListTest" time="0.088" classname="whayer.cloud.storage.component.foundation.access.impl.test.AccessImplTest"/>
</testsuite> <!-- whayer.cloud.storage.component.foundation.access.impl.test.AccessImplTest -->
