<?xml version="1.0" encoding="UTF-8"?>
<!-- Generated by org.testng.reporters.JUnitReportReporter -->
<testsuite hostname="WY-20170801CARC" name="com.whayer.cloud.storage.component.foundation.meta.impl.WhayerMetaDataManagerImplTest" tests="5" failures="0" timestamp="31 Aug 2017 02:01:58 GMT" time="12.782" errors="0">
  <testcase name="savleAlarmMessageLevelMetaTest" time="0.016" classname="com.whayer.cloud.storage.component.foundation.meta.impl.WhayerMetaDataManagerImplTest"/>
  <testcase name="deleteAlarmInfoListTest" time="5.124" classname="com.whayer.cloud.storage.component.foundation.meta.impl.WhayerMetaDataManagerImplTest"/>
  <testcase name="updateListTest" time="5.240" classname="com.whayer.cloud.storage.component.foundation.meta.impl.WhayerMetaDataManagerImplTest"/>
  <testcase name="searchAlarmInfoListTest" time="0.107" classname="com.whayer.cloud.storage.component.foundation.meta.impl.WhayerMetaDataManagerImplTest"/>
  <testcase name="savleAlarmMessageLevelMetaListTest" time="2.295" classname="com.whayer.cloud.storage.component.foundation.meta.impl.WhayerMetaDataManagerImplTest"/>
</testsuite> <!-- com.whayer.cloud.storage.component.foundation.meta.impl.WhayerMetaDataManagerImplTest -->
